<?xml version="1.0" encoding="UTF-8"?>
<testng-results ignored="0" total="1" passed="1" failed="0" skipped="0">
  <reporter-output>
  </reporter-output>
  <suite started-at="2023-06-09T12:15:01 IST" name="Suite" finished-at="2023-06-09T12:15:25 IST" duration-ms="23893">
    <groups>
    </groups>
    <test started-at="2023-06-09T12:15:01 IST" name="Test" finished-at="2023-06-09T12:15:25 IST" duration-ms="23893">
      <class name="MyStore_TestClass.TC_003_AccountRegPage_Test">
        <test-method is-config="true" signature="Launch_Application()[pri:0, instance:MyStore_TestClass.TC_003_AccountRegPage_Test@60099951]" started-at="2023-06-09T12:15:01 IST" name="Launch_Application" finished-at="2023-06-09T12:15:12 IST" duration-ms="10476" status="PASS">
          <reporter-output>
          </reporter-output>
        </test-method> <!-- Launch_Application -->
        <test-method signature="EnterToLoginTest()[pri:0, instance:MyStore_TestClass.TC_003_AccountRegPage_Test@60099951]" started-at="2023-06-09T12:15:12 IST" name="EnterToLoginTest" finished-at="2023-06-09T12:15:24 IST" duration-ms="12416" status="PASS">
          <reporter-output>
          </reporter-output>
        </test-method> <!-- EnterToLoginTest -->
        <test-method is-config="true" signature="Close()[pri:0, instance:MyStore_TestClass.TC_003_AccountRegPage_Test@60099951]" started-at="2023-06-09T12:15:24 IST" name="Close" finished-at="2023-06-09T12:15:25 IST" duration-ms="688" status="PASS">
          <reporter-output>
          </reporter-output>
        </test-method> <!-- Close -->
      </class> <!-- MyStore_TestClass.TC_003_AccountRegPage_Test -->
    </test> <!-- Test -->
  </suite> <!-- Suite -->
</testng-results>
